<?xml version="1.0" encoding="UTF-8"?>
<robot generator="Robot 6.1.1 (Python 3.10.12 on win32)" generated="20231119 18:43:09.936" rpa="true" schemaversion="4">
<suite id="s1" name="Tasks" source="c:\RPA\RoboCorp\intro-bot\tasks.robot">
<test id="s1-t1" name="Complete the challenge" line="18">
<kw name="Start the challenge">
<kw name="Open Browser" library="RPA.Browser.Playwright">
<tag>BrowserControl</tag>
<tag>Setter</tag>
<doc>Opens a new browser instance. Use this keyword for quick experiments or debugging sessions.</doc>
<msg timestamp="20231119 18:43:12.334" level="WARN">Open Browser is for quick experimentation and debugging only. Use New Page for production.</msg>
<msg timestamp="20231119 18:43:12.337" level="INFO">{"browser": "chromium", "headless": false, "chromiumSandbox": false, "devtools": false, "handleSIGHUP": true, "handleSIGINT": true, "handleSIGTERM": true, "slowMo": 0.0, "timeout": 30000.0, "tracesDir": "C:\\RPA\\RoboCorp\\intro-bot\\browser\\traces\\3ce3d272-e98e-4423-a9c4-37c992938fec"}</msg>
<msg timestamp="20231119 18:43:12.932" level="INFO">Successfully created browser with options: {"browser":"chromium","headless":false,"chromiumSandbox":false,"devtools":false,"handleSIGHUP":true,"handleSIGINT":true,"handleSIGTERM":true,"slowMo":0,"timeout":30000,"tracesDir":"C:\\RPA\\RoboCorp\\intro-bot\\browser\\traces\\3ce3d272-e98e-4423-a9c4-37c992938fec"}</msg>
<msg timestamp="20231119 18:43:12.933" level="INFO">{
  "acceptDownloads": true,
  "bypassCSP": true,
  "forcedColors": "none",
  "hideRfBrowser": "",
  "ignoreHTTPSErrors": false,
  "javaScriptEnabled": true,
  "offline": false,
  "reducedMotion": "no-preference",
  "serviceWorkers": "allow",
  "viewport": {
    "height": 720,
    "width": 1280
  }
}</msg>
<msg timestamp="20231119 18:43:12.957" level="INFO">Successfully created context. </msg>
<msg timestamp="20231119 18:43:12.957" level="INFO">{'acceptDownloads': True, 'bypassCSP': True, 'forcedColors': 'none', 'hideRfBrowser': '', 'ignoreHTTPSErrors': False, 'javaScriptEnabled': True, 'offline': False, 'reducedMotion': 'no-preference', 'serviceWorkers': 'allow', 'viewport': {'height': 720, 'width': 1280}}</msg>
<msg timestamp="20231119 18:43:13.119" level="INFO">Successfully initialized new page object and opened url: about:blank</msg>
<status status="PASS" starttime="20231119 18:43:12.333" endtime="20231119 18:43:13.119"/>
</kw>
<kw name="New Page" library="RPA.Browser.Playwright">
<arg>${URL_RPACHALLENGE}</arg>
<tag>BrowserControl</tag>
<tag>Setter</tag>
<doc>Open a new Page.</doc>
<msg timestamp="20231119 18:43:15.186" level="INFO">Successfully initialized new page object and opened url: http://rpachallenge.com/</msg>
<status status="PASS" starttime="20231119 18:43:13.120" endtime="20231119 18:43:15.187"/>
</kw>
<kw name="Download" library="RPA.HTTP">
<arg>${PATH_CHALLENGE_FILE}</arg>
<arg>target_file=${TARGET_FILE}</arg>
<arg>overwrite=True</arg>
<doc>An alias for the ``HTTP Get`` keyword.</doc>
<msg timestamp="20231119 18:43:15.189" level="INFO">Creating a new HTTP session</msg>
<msg timestamp="20231119 18:43:15.189" level="INFO">Creating Session using : alias=rpasession_alias.httprpachallenge.com, url=http://rpachallenge.com, headers={},                     cookies={}, auth=None, timeout=None, proxies=None, verify=True,                     debug=0 </msg>
<status status="PASS" starttime="20231119 18:43:15.187" endtime="20231119 18:43:15.829"/>
</kw>
<kw name="Click" library="RPA.Browser.Playwright">
<arg>button</arg>
<tag>PageContent</tag>
<tag>Setter</tag>
<doc>Simulates mouse click on the element found by ``selector``.</doc>
<status status="PASS" starttime="20231119 18:43:15.830" endtime="20231119 18:43:15.903"/>
</kw>
<status status="PASS" starttime="20231119 18:43:12.333" endtime="20231119 18:43:15.903"/>
</kw>
<kw name="Fill the forms">
<kw name="Get the list of people from the Excel file">
<var>${people}</var>
<kw name="Open Workbook" library="RPA.Excel.Files">
<arg>${TARGET_FILE}</arg>
<doc>Open an existing Excel workbook.</doc>
<msg timestamp="20231119 18:43:16.052" level="INFO">Opened workbook: &lt;RPA.Excel.Files.XlsxWorkbook object at 0x000001BB9A2CCBE0&gt;</msg>
<status status="PASS" starttime="20231119 18:43:15.907" endtime="20231119 18:43:16.052"/>
</kw>
<kw name="Read Worksheet As Table" library="RPA.Excel.Files">
<var>${table}</var>
<arg>header=True</arg>
<doc>Read the contents of a worksheet into a Table container. Allows
sorting/filtering/manipulating using the ``RPA.Tables`` library.</doc>
<msg timestamp="20231119 18:43:16.096" level="INFO">Created table: Table(columns=['First Name', 'Last Name', 'Company Name', 'Role in Company', 'Address', 'Email', 'Phone Number'], rows=10)</msg>
<msg timestamp="20231119 18:43:16.097" level="INFO">${table} = Table(columns=['First Name', 'Last Name', 'Company Name', 'Role in Company', 'Address', 'Email', 'Phone Number'], rows=10)</msg>
<status status="PASS" starttime="20231119 18:43:16.053" endtime="20231119 18:43:16.097"/>
</kw>
<kw name="Close Workbook" library="RPA.Excel.Files">
<doc>Close the active workbook.</doc>
<msg timestamp="20231119 18:43:16.098" level="INFO">Closing workbook: &lt;RPA.Excel.Files.XlsxWorkbook object at 0x000001BB9A2CCBE0&gt;</msg>
<status status="PASS" starttime="20231119 18:43:16.097" endtime="20231119 18:43:16.098"/>
</kw>
<return>
<value>${table}</value>
<status status="PASS" starttime="20231119 18:43:16.099" endtime="20231119 18:43:16.099"/>
</return>
<msg timestamp="20231119 18:43:16.100" level="INFO">${people} = Table(columns=['First Name', 'Last Name', 'Company Name', 'Role in Company', 'Address', 'Email', 'Phone Number'], rows=10)</msg>
<status status="PASS" starttime="20231119 18:43:15.906" endtime="20231119 18:43:16.100"/>
</kw>
<for flavor="IN">
<var>${person}</var>
<value>@{people}</value>
<iter>
<var name="${person}">{'First Name': 'John', 'Last Name': 'Smith', 'Company Name': 'IT Solutions', 'Role in Company': 'Analyst', 'Address': '98 North Road', 'Email': 'jsmith@itsolutions.co.uk', 'Phone Number': 40716543298}</var>
<kw name="Fill and submit the form">
<arg>${person}</arg>
<kw name="Fill Text" library="RPA.Browser.Playwright">
<arg>//input[@ng-reflect-name="labelFirstName"]</arg>
<arg>${person}[First Name]</arg>
<tag>PageContent</tag>
<tag>Setter</tag>
<doc>Clears and fills the given ``txt`` into the text field found by ``selector``.</doc>
<msg timestamp="20231119 18:43:16.102" level="INFO">Fills the text 'John' in the given field.</msg>
<status status="PASS" starttime="20231119 18:43:16.102" endtime="20231119 18:43:16.126"/>
</kw>
<kw name="Fill Text" library="RPA.Browser.Playwright">
<arg>//input[@ng-reflect-name="labelLastName"]</arg>
<arg>${person}[Last Name]</arg>
<tag>PageContent</tag>
<tag>Setter</tag>
<doc>Clears and fills the given ``txt`` into the text field found by ``selector``.</doc>
<msg timestamp="20231119 18:43:16.127" level="INFO">Fills the text 'Smith' in the given field.</msg>
<status status="PASS" starttime="20231119 18:43:16.127" endtime="20231119 18:43:16.148"/>
</kw>
<kw name="Fill Text" library="RPA.Browser.Playwright">
<arg>//input[@ng-reflect-name="labelCompanyName"]</arg>
<arg>${person}[Company Name]</arg>
<tag>PageContent</tag>
<tag>Setter</tag>
<doc>Clears and fills the given ``txt`` into the text field found by ``selector``.</doc>
<msg timestamp="20231119 18:43:16.149" level="INFO">Fills the text 'IT Solutions' in the given field.</msg>
<status status="PASS" starttime="20231119 18:43:16.148" endtime="20231119 18:43:16.169"/>
</kw>
<kw name="Fill Text" library="RPA.Browser.Playwright">
<arg>//input[@ng-reflect-name="labelRole"]</arg>
<arg>${person}[Role in Company]</arg>
<tag>PageContent</tag>
<tag>Setter</tag>
<doc>Clears and fills the given ``txt`` into the text field found by ``selector``.</doc>
<msg timestamp="20231119 18:43:16.169" level="INFO">Fills the text 'Analyst' in the given field.</msg>
<status status="PASS" starttime="20231119 18:43:16.169" endtime="20231119 18:43:16.186"/>
</kw>
<kw name="Fill Text" library="RPA.Browser.Playwright">
<arg>//input[@ng-reflect-name="labelAddress"]</arg>
<arg>${person}[Address]</arg>
<tag>PageContent</tag>
<tag>Setter</tag>
<doc>Clears and fills the given ``txt`` into the text field found by ``selector``.</doc>
<msg timestamp="20231119 18:43:16.190" level="INFO">Fills the text '98 North Road' in the given field.</msg>
<status status="PASS" starttime="20231119 18:43:16.189" endtime="20231119 18:43:16.208"/>
</kw>
<kw name="Fill Text" library="RPA.Browser.Playwright">
<arg>//input[@ng-reflect-name="labelEmail"]</arg>
<arg>${person}[Email]</arg>
<tag>PageContent</tag>
<tag>Setter</tag>
<doc>Clears and fills the given ``txt`` into the text field found by ``selector``.</doc>
<msg timestamp="20231119 18:43:16.209" level="INFO">Fills the text 'jsmith@itsolutions.co.uk' in the given field.</msg>
<status status="PASS" starttime="20231119 18:43:16.209" endtime="20231119 18:43:16.234"/>
</kw>
<kw name="Fill Text" library="RPA.Browser.Playwright">
<arg>//input[@ng-reflect-name="labelPhone"]</arg>
<arg>${person}[Phone Number]</arg>
<tag>PageContent</tag>
<tag>Setter</tag>
<doc>Clears and fills the given ``txt`` into the text field found by ``selector``.</doc>
<msg timestamp="20231119 18:43:16.235" level="INFO">Fills the text '40716543298' in the given field.</msg>
<status status="PASS" starttime="20231119 18:43:16.234" endtime="20231119 18:43:16.267"/>
</kw>
<kw name="Click" library="RPA.Browser.Playwright">
<arg>input[type=submit]</arg>
<tag>PageContent</tag>
<tag>Setter</tag>
<doc>Simulates mouse click on the element found by ``selector``.</doc>
<status status="PASS" starttime="20231119 18:43:16.268" endtime="20231119 18:43:16.321"/>
</kw>
<status status="PASS" starttime="20231119 18:43:16.101" endtime="20231119 18:43:16.321"/>
</kw>
<status status="PASS" starttime="20231119 18:43:16.101" endtime="20231119 18:43:16.321"/>
</iter>
<iter>
<var name="${person}">{'First Name': 'Jane', 'Last Name': 'Dorsey', 'Company Name': 'MediCare', 'Role in Company': 'Medical Engineer', 'Address': '11 Crown Street', 'Email': 'jdorsey@mc.com', 'Phone Number': 40791345621}</var>
<kw name="Fill and submit the form">
<arg>${person}</arg>
<kw name="Fill Text" library="RPA.Browser.Playwright">
<arg>//input[@ng-reflect-name="labelFirstName"]</arg>
<arg>${person}[First Name]</arg>
<tag>PageContent</tag>
<tag>Setter</tag>
<doc>Clears and fills the given ``txt`` into the text field found by ``selector``.</doc>
<msg timestamp="20231119 18:43:16.324" level="INFO">Fills the text 'Jane' in the given field.</msg>
<status status="PASS" starttime="20231119 18:43:16.321" endtime="20231119 18:43:16.352"/>
</kw>
<kw name="Fill Text" library="RPA.Browser.Playwright">
<arg>//input[@ng-reflect-name="labelLastName"]</arg>
<arg>${person}[Last Name]</arg>
<tag>PageContent</tag>
<tag>Setter</tag>
<doc>Clears and fills the given ``txt`` into the text field found by ``selector``.</doc>
<msg timestamp="20231119 18:43:16.353" level="INFO">Fills the text 'Dorsey' in the given field.</msg>
<status status="PASS" starttime="20231119 18:43:16.352" endtime="20231119 18:43:16.376"/>
</kw>
<kw name="Fill Text" library="RPA.Browser.Playwright">
<arg>//input[@ng-reflect-name="labelCompanyName"]</arg>
<arg>${person}[Company Name]</arg>
<tag>PageContent</tag>
<tag>Setter</tag>
<doc>Clears and fills the given ``txt`` into the text field found by ``selector``.</doc>
<msg timestamp="20231119 18:43:16.378" level="INFO">Fills the text 'MediCare' in the given field.</msg>
<status status="PASS" starttime="20231119 18:43:16.377" endtime="20231119 18:43:16.402"/>
</kw>
<kw name="Fill Text" library="RPA.Browser.Playwright">
<arg>//input[@ng-reflect-name="labelRole"]</arg>
<arg>${person}[Role in Company]</arg>
<tag>PageContent</tag>
<tag>Setter</tag>
<doc>Clears and fills the given ``txt`` into the text field found by ``selector``.</doc>
<msg timestamp="20231119 18:43:16.403" level="INFO">Fills the text 'Medical Engineer' in the given field.</msg>
<status status="PASS" starttime="20231119 18:43:16.403" endtime="20231119 18:43:16.423"/>
</kw>
<kw name="Fill Text" library="RPA.Browser.Playwright">
<arg>//input[@ng-reflect-name="labelAddress"]</arg>
<arg>${person}[Address]</arg>
<tag>PageContent</tag>
<tag>Setter</tag>
<doc>Clears and fills the given ``txt`` into the text field found by ``selector``.</doc>
<msg timestamp="20231119 18:43:16.424" level="INFO">Fills the text '11 Crown Street' in the given field.</msg>
<status status="PASS" starttime="20231119 18:43:16.424" endtime="20231119 18:43:16.446"/>
</kw>
<kw name="Fill Text" library="RPA.Browser.Playwright">
<arg>//input[@ng-reflect-name="labelEmail"]</arg>
<arg>${person}[Email]</arg>
<tag>PageContent</tag>
<tag>Setter</tag>
<doc>Clears and fills the given ``txt`` into the text field found by ``selector``.</doc>
<msg timestamp="20231119 18:43:16.447" level="INFO">Fills the text 'jdorsey@mc.com' in the given field.</msg>
<status status="PASS" starttime="20231119 18:43:16.447" endtime="20231119 18:43:16.467"/>
</kw>
<kw name="Fill Text" library="RPA.Browser.Playwright">
<arg>//input[@ng-reflect-name="labelPhone"]</arg>
<arg>${person}[Phone Number]</arg>
<tag>PageContent</tag>
<tag>Setter</tag>
<doc>Clears and fills the given ``txt`` into the text field found by ``selector``.</doc>
<msg timestamp="20231119 18:43:16.467" level="INFO">Fills the text '40791345621' in the given field.</msg>
<status status="PASS" starttime="20231119 18:43:16.467" endtime="20231119 18:43:16.485"/>
</kw>
<kw name="Click" library="RPA.Browser.Playwright">
<arg>input[type=submit]</arg>
<tag>PageContent</tag>
<tag>Setter</tag>
<doc>Simulates mouse click on the element found by ``selector``.</doc>
<status status="PASS" starttime="20231119 18:43:16.486" endtime="20231119 18:43:16.525"/>
</kw>
<status status="PASS" starttime="20231119 18:43:16.321" endtime="20231119 18:43:16.526"/>
</kw>
<status status="PASS" starttime="20231119 18:43:16.321" endtime="20231119 18:43:16.526"/>
</iter>
<iter>
<var name="${person}">{'First Name': 'Albert', 'Last Name': 'Kipling', 'Company Name': 'Waterfront', 'Role in Company': 'Accountant', 'Address': '22 Guild Street', 'Email': 'kipling@waterfront.com', 'Phone Number': 4073541...</var>
<kw name="Fill and submit the form">
<arg>${person}</arg>
<kw name="Fill Text" library="RPA.Browser.Playwright">
<arg>//input[@ng-reflect-name="labelFirstName"]</arg>
<arg>${person}[First Name]</arg>
<tag>PageContent</tag>
<tag>Setter</tag>
<doc>Clears and fills the given ``txt`` into the text field found by ``selector``.</doc>
<msg timestamp="20231119 18:43:16.527" level="INFO">Fills the text 'Albert' in the given field.</msg>
<status status="PASS" starttime="20231119 18:43:16.527" endtime="20231119 18:43:16.544"/>
</kw>
<kw name="Fill Text" library="RPA.Browser.Playwright">
<arg>//input[@ng-reflect-name="labelLastName"]</arg>
<arg>${person}[Last Name]</arg>
<tag>PageContent</tag>
<tag>Setter</tag>
<doc>Clears and fills the given ``txt`` into the text field found by ``selector``.</doc>
<msg timestamp="20231119 18:43:16.545" level="INFO">Fills the text 'Kipling' in the given field.</msg>
<status status="PASS" starttime="20231119 18:43:16.545" endtime="20231119 18:43:16.563"/>
</kw>
<kw name="Fill Text" library="RPA.Browser.Playwright">
<arg>//input[@ng-reflect-name="labelCompanyName"]</arg>
<arg>${person}[Company Name]</arg>
<tag>PageContent</tag>
<tag>Setter</tag>
<doc>Clears and fills the given ``txt`` into the text field found by ``selector``.</doc>
<msg timestamp="20231119 18:43:16.564" level="INFO">Fills the text 'Waterfront' in the given field.</msg>
<status status="PASS" starttime="20231119 18:43:16.563" endtime="20231119 18:43:16.580"/>
</kw>
<kw name="Fill Text" library="RPA.Browser.Playwright">
<arg>//input[@ng-reflect-name="labelRole"]</arg>
<arg>${person}[Role in Company]</arg>
<tag>PageContent</tag>
<tag>Setter</tag>
<doc>Clears and fills the given ``txt`` into the text field found by ``selector``.</doc>
<msg timestamp="20231119 18:43:16.581" level="INFO">Fills the text 'Accountant' in the given field.</msg>
<status status="PASS" starttime="20231119 18:43:16.581" endtime="20231119 18:43:16.599"/>
</kw>
<kw name="Fill Text" library="RPA.Browser.Playwright">
<arg>//input[@ng-reflect-name="labelAddress"]</arg>
<arg>${person}[Address]</arg>
<tag>PageContent</tag>
<tag>Setter</tag>
<doc>Clears and fills the given ``txt`` into the text field found by ``selector``.</doc>
<msg timestamp="20231119 18:43:16.600" level="INFO">Fills the text '22 Guild Street' in the given field.</msg>
<status status="PASS" starttime="20231119 18:43:16.599" endtime="20231119 18:43:16.618"/>
</kw>
<kw name="Fill Text" library="RPA.Browser.Playwright">
<arg>//input[@ng-reflect-name="labelEmail"]</arg>
<arg>${person}[Email]</arg>
<tag>PageContent</tag>
<tag>Setter</tag>
<doc>Clears and fills the given ``txt`` into the text field found by ``selector``.</doc>
<msg timestamp="20231119 18:43:16.620" level="INFO">Fills the text 'kipling@waterfront.com' in the given field.</msg>
<status status="PASS" starttime="20231119 18:43:16.619" endtime="20231119 18:43:16.636"/>
</kw>
<kw name="Fill Text" library="RPA.Browser.Playwright">
<arg>//input[@ng-reflect-name="labelPhone"]</arg>
<arg>${person}[Phone Number]</arg>
<tag>PageContent</tag>
<tag>Setter</tag>
<doc>Clears and fills the given ``txt`` into the text field found by ``selector``.</doc>
<msg timestamp="20231119 18:43:16.637" level="INFO">Fills the text '40735416854' in the given field.</msg>
<status status="PASS" starttime="20231119 18:43:16.636" endtime="20231119 18:43:16.655"/>
</kw>
<kw name="Click" library="RPA.Browser.Playwright">
<arg>input[type=submit]</arg>
<tag>PageContent</tag>
<tag>Setter</tag>
<doc>Simulates mouse click on the element found by ``selector``.</doc>
<status status="PASS" starttime="20231119 18:43:16.655" endtime="20231119 18:43:16.693"/>
</kw>
<status status="PASS" starttime="20231119 18:43:16.526" endtime="20231119 18:43:16.693"/>
</kw>
<status status="PASS" starttime="20231119 18:43:16.526" endtime="20231119 18:43:16.693"/>
</iter>
<iter>
<var name="${person}">{'First Name': 'Michael', 'Last Name': 'Robertson', 'Company Name': 'MediCare', 'Role in Company': 'IT Specialist', 'Address': '17 Farburn Terrace', 'Email': 'mrobertson@mc.com', 'Phone Number': 40733...</var>
<kw name="Fill and submit the form">
<arg>${person}</arg>
<kw name="Fill Text" library="RPA.Browser.Playwright">
<arg>//input[@ng-reflect-name="labelFirstName"]</arg>
<arg>${person}[First Name]</arg>
<tag>PageContent</tag>
<tag>Setter</tag>
<doc>Clears and fills the given ``txt`` into the text field found by ``selector``.</doc>
<msg timestamp="20231119 18:43:16.695" level="INFO">Fills the text 'Michael' in the given field.</msg>
<status status="PASS" starttime="20231119 18:43:16.695" endtime="20231119 18:43:16.708"/>
</kw>
<kw name="Fill Text" library="RPA.Browser.Playwright">
<arg>//input[@ng-reflect-name="labelLastName"]</arg>
<arg>${person}[Last Name]</arg>
<tag>PageContent</tag>
<tag>Setter</tag>
<doc>Clears and fills the given ``txt`` into the text field found by ``selector``.</doc>
<msg timestamp="20231119 18:43:16.709" level="INFO">Fills the text 'Robertson' in the given field.</msg>
<status status="PASS" starttime="20231119 18:43:16.709" endtime="20231119 18:43:16.732"/>
</kw>
<kw name="Fill Text" library="RPA.Browser.Playwright">
<arg>//input[@ng-reflect-name="labelCompanyName"]</arg>
<arg>${person}[Company Name]</arg>
<tag>PageContent</tag>
<tag>Setter</tag>
<doc>Clears and fills the given ``txt`` into the text field found by ``selector``.</doc>
<msg timestamp="20231119 18:43:16.733" level="INFO">Fills the text 'MediCare' in the given field.</msg>
<status status="PASS" starttime="20231119 18:43:16.733" endtime="20231119 18:43:16.769"/>
</kw>
<kw name="Fill Text" library="RPA.Browser.Playwright">
<arg>//input[@ng-reflect-name="labelRole"]</arg>
<arg>${person}[Role in Company]</arg>
<tag>PageContent</tag>
<tag>Setter</tag>
<doc>Clears and fills the given ``txt`` into the text field found by ``selector``.</doc>
<msg timestamp="20231119 18:43:16.772" level="INFO">Fills the text 'IT Specialist' in the given field.</msg>
<status status="PASS" starttime="20231119 18:43:16.770" endtime="20231119 18:43:16.803"/>
</kw>
<kw name="Fill Text" library="RPA.Browser.Playwright">
<arg>//input[@ng-reflect-name="labelAddress"]</arg>
<arg>${person}[Address]</arg>
<tag>PageContent</tag>
<tag>Setter</tag>
<doc>Clears and fills the given ``txt`` into the text field found by ``selector``.</doc>
<msg timestamp="20231119 18:43:16.803" level="INFO">Fills the text '17 Farburn Terrace' in the given field.</msg>
<status status="PASS" starttime="20231119 18:43:16.803" endtime="20231119 18:43:16.824"/>
</kw>
<kw name="Fill Text" library="RPA.Browser.Playwright">
<arg>//input[@ng-reflect-name="labelEmail"]</arg>
<arg>${person}[Email]</arg>
<tag>PageContent</tag>
<tag>Setter</tag>
<doc>Clears and fills the given ``txt`` into the text field found by ``selector``.</doc>
<msg timestamp="20231119 18:43:16.825" level="INFO">Fills the text 'mrobertson@mc.com' in the given field.</msg>
<status status="PASS" starttime="20231119 18:43:16.824" endtime="20231119 18:43:16.848"/>
</kw>
<kw name="Fill Text" library="RPA.Browser.Playwright">
<arg>//input[@ng-reflect-name="labelPhone"]</arg>
<arg>${person}[Phone Number]</arg>
<tag>PageContent</tag>
<tag>Setter</tag>
<doc>Clears and fills the given ``txt`` into the text field found by ``selector``.</doc>
<msg timestamp="20231119 18:43:16.849" level="INFO">Fills the text '40733652145' in the given field.</msg>
<status status="PASS" starttime="20231119 18:43:16.849" endtime="20231119 18:43:16.868"/>
</kw>
<kw name="Click" library="RPA.Browser.Playwright">
<arg>input[type=submit]</arg>
<tag>PageContent</tag>
<tag>Setter</tag>
<doc>Simulates mouse click on the element found by ``selector``.</doc>
<status status="PASS" starttime="20231119 18:43:16.869" endtime="20231119 18:43:16.904"/>
</kw>
<status status="PASS" starttime="20231119 18:43:16.694" endtime="20231119 18:43:16.905"/>
</kw>
<status status="PASS" starttime="20231119 18:43:16.694" endtime="20231119 18:43:16.905"/>
</iter>
<iter>
<var name="${person}">{'First Name': 'Doug', 'Last Name': 'Derrick', 'Company Name': 'Timepath Inc.', 'Role in Company': 'Analyst', 'Address': '99 Shire Oak Road', 'Email': 'dderrick@timepath.co.uk', 'Phone Number': 407998...</var>
<kw name="Fill and submit the form">
<arg>${person}</arg>
<kw name="Fill Text" library="RPA.Browser.Playwright">
<arg>//input[@ng-reflect-name="labelFirstName"]</arg>
<arg>${person}[First Name]</arg>
<tag>PageContent</tag>
<tag>Setter</tag>
<doc>Clears and fills the given ``txt`` into the text field found by ``selector``.</doc>
<msg timestamp="20231119 18:43:16.906" level="INFO">Fills the text 'Doug' in the given field.</msg>
<status status="PASS" starttime="20231119 18:43:16.906" endtime="20231119 18:43:16.920"/>
</kw>
<kw name="Fill Text" library="RPA.Browser.Playwright">
<arg>//input[@ng-reflect-name="labelLastName"]</arg>
<arg>${person}[Last Name]</arg>
<tag>PageContent</tag>
<tag>Setter</tag>
<doc>Clears and fills the given ``txt`` into the text field found by ``selector``.</doc>
<msg timestamp="20231119 18:43:16.921" level="INFO">Fills the text 'Derrick' in the given field.</msg>
<status status="PASS" starttime="20231119 18:43:16.921" endtime="20231119 18:43:16.938"/>
</kw>
<kw name="Fill Text" library="RPA.Browser.Playwright">
<arg>//input[@ng-reflect-name="labelCompanyName"]</arg>
<arg>${person}[Company Name]</arg>
<tag>PageContent</tag>
<tag>Setter</tag>
<doc>Clears and fills the given ``txt`` into the text field found by ``selector``.</doc>
<msg timestamp="20231119 18:43:16.938" level="INFO">Fills the text 'Timepath Inc.' in the given field.</msg>
<status status="PASS" starttime="20231119 18:43:16.938" endtime="20231119 18:43:16.956"/>
</kw>
<kw name="Fill Text" library="RPA.Browser.Playwright">
<arg>//input[@ng-reflect-name="labelRole"]</arg>
<arg>${person}[Role in Company]</arg>
<tag>PageContent</tag>
<tag>Setter</tag>
<doc>Clears and fills the given ``txt`` into the text field found by ``selector``.</doc>
<msg timestamp="20231119 18:43:16.957" level="INFO">Fills the text 'Analyst' in the given field.</msg>
<status status="PASS" starttime="20231119 18:43:16.956" endtime="20231119 18:43:16.974"/>
</kw>
<kw name="Fill Text" library="RPA.Browser.Playwright">
<arg>//input[@ng-reflect-name="labelAddress"]</arg>
<arg>${person}[Address]</arg>
<tag>PageContent</tag>
<tag>Setter</tag>
<doc>Clears and fills the given ``txt`` into the text field found by ``selector``.</doc>
<msg timestamp="20231119 18:43:16.975" level="INFO">Fills the text '99 Shire Oak Road' in the given field.</msg>
<status status="PASS" starttime="20231119 18:43:16.974" endtime="20231119 18:43:16.992"/>
</kw>
<kw name="Fill Text" library="RPA.Browser.Playwright">
<arg>//input[@ng-reflect-name="labelEmail"]</arg>
<arg>${person}[Email]</arg>
<tag>PageContent</tag>
<tag>Setter</tag>
<doc>Clears and fills the given ``txt`` into the text field found by ``selector``.</doc>
<msg timestamp="20231119 18:43:16.993" level="INFO">Fills the text 'dderrick@timepath.co.uk' in the given field.</msg>
<status status="PASS" starttime="20231119 18:43:16.993" endtime="20231119 18:43:17.011"/>
</kw>
<kw name="Fill Text" library="RPA.Browser.Playwright">
<arg>//input[@ng-reflect-name="labelPhone"]</arg>
<arg>${person}[Phone Number]</arg>
<tag>PageContent</tag>
<tag>Setter</tag>
<doc>Clears and fills the given ``txt`` into the text field found by ``selector``.</doc>
<msg timestamp="20231119 18:43:17.012" level="INFO">Fills the text '40799885412' in the given field.</msg>
<status status="PASS" starttime="20231119 18:43:17.012" endtime="20231119 18:43:17.029"/>
</kw>
<kw name="Click" library="RPA.Browser.Playwright">
<arg>input[type=submit]</arg>
<tag>PageContent</tag>
<tag>Setter</tag>
<doc>Simulates mouse click on the element found by ``selector``.</doc>
<status status="PASS" starttime="20231119 18:43:17.029" endtime="20231119 18:43:17.062"/>
</kw>
<status status="PASS" starttime="20231119 18:43:16.905" endtime="20231119 18:43:17.062"/>
</kw>
<status status="PASS" starttime="20231119 18:43:16.905" endtime="20231119 18:43:17.062"/>
</iter>
<iter>
<var name="${person}">{'First Name': 'Jessie', 'Last Name': 'Marlowe', 'Company Name': 'Aperture Inc.', 'Role in Company': 'Scientist', 'Address': '27 Cheshire Street', 'Email': 'jmarlowe@aperture.us', 'Phone Number': 4073...</var>
<kw name="Fill and submit the form">
<arg>${person}</arg>
<kw name="Fill Text" library="RPA.Browser.Playwright">
<arg>//input[@ng-reflect-name="labelFirstName"]</arg>
<arg>${person}[First Name]</arg>
<tag>PageContent</tag>
<tag>Setter</tag>
<doc>Clears and fills the given ``txt`` into the text field found by ``selector``.</doc>
<msg timestamp="20231119 18:43:17.064" level="INFO">Fills the text 'Jessie' in the given field.</msg>
<status status="PASS" starttime="20231119 18:43:17.063" endtime="20231119 18:43:17.077"/>
</kw>
<kw name="Fill Text" library="RPA.Browser.Playwright">
<arg>//input[@ng-reflect-name="labelLastName"]</arg>
<arg>${person}[Last Name]</arg>
<tag>PageContent</tag>
<tag>Setter</tag>
<doc>Clears and fills the given ``txt`` into the text field found by ``selector``.</doc>
<msg timestamp="20231119 18:43:17.078" level="INFO">Fills the text 'Marlowe' in the given field.</msg>
<status status="PASS" starttime="20231119 18:43:17.078" endtime="20231119 18:43:17.095"/>
</kw>
<kw name="Fill Text" library="RPA.Browser.Playwright">
<arg>//input[@ng-reflect-name="labelCompanyName"]</arg>
<arg>${person}[Company Name]</arg>
<tag>PageContent</tag>
<tag>Setter</tag>
<doc>Clears and fills the given ``txt`` into the text field found by ``selector``.</doc>
<msg timestamp="20231119 18:43:17.096" level="INFO">Fills the text 'Aperture Inc.' in the given field.</msg>
<status status="PASS" starttime="20231119 18:43:17.096" endtime="20231119 18:43:17.113"/>
</kw>
<kw name="Fill Text" library="RPA.Browser.Playwright">
<arg>//input[@ng-reflect-name="labelRole"]</arg>
<arg>${person}[Role in Company]</arg>
<tag>PageContent</tag>
<tag>Setter</tag>
<doc>Clears and fills the given ``txt`` into the text field found by ``selector``.</doc>
<msg timestamp="20231119 18:43:17.114" level="INFO">Fills the text 'Scientist' in the given field.</msg>
<status status="PASS" starttime="20231119 18:43:17.114" endtime="20231119 18:43:17.134"/>
</kw>
<kw name="Fill Text" library="RPA.Browser.Playwright">
<arg>//input[@ng-reflect-name="labelAddress"]</arg>
<arg>${person}[Address]</arg>
<tag>PageContent</tag>
<tag>Setter</tag>
<doc>Clears and fills the given ``txt`` into the text field found by ``selector``.</doc>
<msg timestamp="20231119 18:43:17.136" level="INFO">Fills the text '27 Cheshire Street' in the given field.</msg>
<status status="PASS" starttime="20231119 18:43:17.135" endtime="20231119 18:43:17.165"/>
</kw>
<kw name="Fill Text" library="RPA.Browser.Playwright">
<arg>//input[@ng-reflect-name="labelEmail"]</arg>
<arg>${person}[Email]</arg>
<tag>PageContent</tag>
<tag>Setter</tag>
<doc>Clears and fills the given ``txt`` into the text field found by ``selector``.</doc>
<msg timestamp="20231119 18:43:17.167" level="INFO">Fills the text 'jmarlowe@aperture.us' in the given field.</msg>
<status status="PASS" starttime="20231119 18:43:17.166" endtime="20231119 18:43:17.190"/>
</kw>
<kw name="Fill Text" library="RPA.Browser.Playwright">
<arg>//input[@ng-reflect-name="labelPhone"]</arg>
<arg>${person}[Phone Number]</arg>
<tag>PageContent</tag>
<tag>Setter</tag>
<doc>Clears and fills the given ``txt`` into the text field found by ``selector``.</doc>
<msg timestamp="20231119 18:43:17.191" level="INFO">Fills the text '40733154268' in the given field.</msg>
<status status="PASS" starttime="20231119 18:43:17.191" endtime="20231119 18:43:17.213"/>
</kw>
<kw name="Click" library="RPA.Browser.Playwright">
<arg>input[type=submit]</arg>
<tag>PageContent</tag>
<tag>Setter</tag>
<doc>Simulates mouse click on the element found by ``selector``.</doc>
<status status="PASS" starttime="20231119 18:43:17.214" endtime="20231119 18:43:17.258"/>
</kw>
<status status="PASS" starttime="20231119 18:43:17.063" endtime="20231119 18:43:17.258"/>
</kw>
<status status="PASS" starttime="20231119 18:43:17.063" endtime="20231119 18:43:17.258"/>
</iter>
<iter>
<var name="${person}">{'First Name': 'Stan', 'Last Name': 'Hamm', 'Company Name': 'Sugarwell', 'Role in Company': 'Advisor', 'Address': '10 Dam Road', 'Email': 'shamm@sugarwell.org', 'Phone Number': 40712462257}</var>
<kw name="Fill and submit the form">
<arg>${person}</arg>
<kw name="Fill Text" library="RPA.Browser.Playwright">
<arg>//input[@ng-reflect-name="labelFirstName"]</arg>
<arg>${person}[First Name]</arg>
<tag>PageContent</tag>
<tag>Setter</tag>
<doc>Clears and fills the given ``txt`` into the text field found by ``selector``.</doc>
<msg timestamp="20231119 18:43:17.260" level="INFO">Fills the text 'Stan' in the given field.</msg>
<status status="PASS" starttime="20231119 18:43:17.259" endtime="20231119 18:43:17.275"/>
</kw>
<kw name="Fill Text" library="RPA.Browser.Playwright">
<arg>//input[@ng-reflect-name="labelLastName"]</arg>
<arg>${person}[Last Name]</arg>
<tag>PageContent</tag>
<tag>Setter</tag>
<doc>Clears and fills the given ``txt`` into the text field found by ``selector``.</doc>
<msg timestamp="20231119 18:43:17.276" level="INFO">Fills the text 'Hamm' in the given field.</msg>
<status status="PASS" starttime="20231119 18:43:17.276" endtime="20231119 18:43:17.293"/>
</kw>
<kw name="Fill Text" library="RPA.Browser.Playwright">
<arg>//input[@ng-reflect-name="labelCompanyName"]</arg>
<arg>${person}[Company Name]</arg>
<tag>PageContent</tag>
<tag>Setter</tag>
<doc>Clears and fills the given ``txt`` into the text field found by ``selector``.</doc>
<msg timestamp="20231119 18:43:17.294" level="INFO">Fills the text 'Sugarwell' in the given field.</msg>
<status status="PASS" starttime="20231119 18:43:17.293" endtime="20231119 18:43:17.318"/>
</kw>
<kw name="Fill Text" library="RPA.Browser.Playwright">
<arg>//input[@ng-reflect-name="labelRole"]</arg>
<arg>${person}[Role in Company]</arg>
<tag>PageContent</tag>
<tag>Setter</tag>
<doc>Clears and fills the given ``txt`` into the text field found by ``selector``.</doc>
<msg timestamp="20231119 18:43:17.319" level="INFO">Fills the text 'Advisor' in the given field.</msg>
<status status="PASS" starttime="20231119 18:43:17.319" endtime="20231119 18:43:17.344"/>
</kw>
<kw name="Fill Text" library="RPA.Browser.Playwright">
<arg>//input[@ng-reflect-name="labelAddress"]</arg>
<arg>${person}[Address]</arg>
<tag>PageContent</tag>
<tag>Setter</tag>
<doc>Clears and fills the given ``txt`` into the text field found by ``selector``.</doc>
<msg timestamp="20231119 18:43:17.345" level="INFO">Fills the text '10 Dam Road' in the given field.</msg>
<status status="PASS" starttime="20231119 18:43:17.345" endtime="20231119 18:43:17.361"/>
</kw>
<kw name="Fill Text" library="RPA.Browser.Playwright">
<arg>//input[@ng-reflect-name="labelEmail"]</arg>
<arg>${person}[Email]</arg>
<tag>PageContent</tag>
<tag>Setter</tag>
<doc>Clears and fills the given ``txt`` into the text field found by ``selector``.</doc>
<msg timestamp="20231119 18:43:17.362" level="INFO">Fills the text 'shamm@sugarwell.org' in the given field.</msg>
<status status="PASS" starttime="20231119 18:43:17.361" endtime="20231119 18:43:17.378"/>
</kw>
<kw name="Fill Text" library="RPA.Browser.Playwright">
<arg>//input[@ng-reflect-name="labelPhone"]</arg>
<arg>${person}[Phone Number]</arg>
<tag>PageContent</tag>
<tag>Setter</tag>
<doc>Clears and fills the given ``txt`` into the text field found by ``selector``.</doc>
<msg timestamp="20231119 18:43:17.379" level="INFO">Fills the text '40712462257' in the given field.</msg>
<status status="PASS" starttime="20231119 18:43:17.378" endtime="20231119 18:43:17.395"/>
</kw>
<kw name="Click" library="RPA.Browser.Playwright">
<arg>input[type=submit]</arg>
<tag>PageContent</tag>
<tag>Setter</tag>
<doc>Simulates mouse click on the element found by ``selector``.</doc>
<status status="PASS" starttime="20231119 18:43:17.395" endtime="20231119 18:43:17.432"/>
</kw>
<status status="PASS" starttime="20231119 18:43:17.259" endtime="20231119 18:43:17.432"/>
</kw>
<status status="PASS" starttime="20231119 18:43:17.259" endtime="20231119 18:43:17.432"/>
</iter>
<iter>
<var name="${person}">{'First Name': 'Michelle', 'Last Name': 'Norton', 'Company Name': 'Aperture Inc.', 'Role in Company': 'Scientist', 'Address': '13 White Rabbit Street', 'Email': 'mnorton@aperture.us', 'Phone Number': ...</var>
<kw name="Fill and submit the form">
<arg>${person}</arg>
<kw name="Fill Text" library="RPA.Browser.Playwright">
<arg>//input[@ng-reflect-name="labelFirstName"]</arg>
<arg>${person}[First Name]</arg>
<tag>PageContent</tag>
<tag>Setter</tag>
<doc>Clears and fills the given ``txt`` into the text field found by ``selector``.</doc>
<msg timestamp="20231119 18:43:17.434" level="INFO">Fills the text 'Michelle' in the given field.</msg>
<status status="PASS" starttime="20231119 18:43:17.434" endtime="20231119 18:43:17.449"/>
</kw>
<kw name="Fill Text" library="RPA.Browser.Playwright">
<arg>//input[@ng-reflect-name="labelLastName"]</arg>
<arg>${person}[Last Name]</arg>
<tag>PageContent</tag>
<tag>Setter</tag>
<doc>Clears and fills the given ``txt`` into the text field found by ``selector``.</doc>
<msg timestamp="20231119 18:43:17.450" level="INFO">Fills the text 'Norton' in the given field.</msg>
<status status="PASS" starttime="20231119 18:43:17.450" endtime="20231119 18:43:17.465"/>
</kw>
<kw name="Fill Text" library="RPA.Browser.Playwright">
<arg>//input[@ng-reflect-name="labelCompanyName"]</arg>
<arg>${person}[Company Name]</arg>
<tag>PageContent</tag>
<tag>Setter</tag>
<doc>Clears and fills the given ``txt`` into the text field found by ``selector``.</doc>
<msg timestamp="20231119 18:43:17.466" level="INFO">Fills the text 'Aperture Inc.' in the given field.</msg>
<status status="PASS" starttime="20231119 18:43:17.466" endtime="20231119 18:43:17.481"/>
</kw>
<kw name="Fill Text" library="RPA.Browser.Playwright">
<arg>//input[@ng-reflect-name="labelRole"]</arg>
<arg>${person}[Role in Company]</arg>
<tag>PageContent</tag>
<tag>Setter</tag>
<doc>Clears and fills the given ``txt`` into the text field found by ``selector``.</doc>
<msg timestamp="20231119 18:43:17.482" level="INFO">Fills the text 'Scientist' in the given field.</msg>
<status status="PASS" starttime="20231119 18:43:17.481" endtime="20231119 18:43:17.498"/>
</kw>
<kw name="Fill Text" library="RPA.Browser.Playwright">
<arg>//input[@ng-reflect-name="labelAddress"]</arg>
<arg>${person}[Address]</arg>
<tag>PageContent</tag>
<tag>Setter</tag>
<doc>Clears and fills the given ``txt`` into the text field found by ``selector``.</doc>
<msg timestamp="20231119 18:43:17.499" level="INFO">Fills the text '13 White Rabbit Street' in the given field.</msg>
<status status="PASS" starttime="20231119 18:43:17.498" endtime="20231119 18:43:17.517"/>
</kw>
<kw name="Fill Text" library="RPA.Browser.Playwright">
<arg>//input[@ng-reflect-name="labelEmail"]</arg>
<arg>${person}[Email]</arg>
<tag>PageContent</tag>
<tag>Setter</tag>
<doc>Clears and fills the given ``txt`` into the text field found by ``selector``.</doc>
<msg timestamp="20231119 18:43:17.519" level="INFO">Fills the text 'mnorton@aperture.us' in the given field.</msg>
<status status="PASS" starttime="20231119 18:43:17.518" endtime="20231119 18:43:17.547"/>
</kw>
<kw name="Fill Text" library="RPA.Browser.Playwright">
<arg>//input[@ng-reflect-name="labelPhone"]</arg>
<arg>${person}[Phone Number]</arg>
<tag>PageContent</tag>
<tag>Setter</tag>
<doc>Clears and fills the given ``txt`` into the text field found by ``selector``.</doc>
<msg timestamp="20231119 18:43:17.548" level="INFO">Fills the text '40731254562' in the given field.</msg>
<status status="PASS" starttime="20231119 18:43:17.547" endtime="20231119 18:43:17.570"/>
</kw>
<kw name="Click" library="RPA.Browser.Playwright">
<arg>input[type=submit]</arg>
<tag>PageContent</tag>
<tag>Setter</tag>
<doc>Simulates mouse click on the element found by ``selector``.</doc>
<status status="PASS" starttime="20231119 18:43:17.571" endtime="20231119 18:43:17.617"/>
</kw>
<status status="PASS" starttime="20231119 18:43:17.433" endtime="20231119 18:43:17.617"/>
</kw>
<status status="PASS" starttime="20231119 18:43:17.433" endtime="20231119 18:43:17.617"/>
</iter>
<iter>
<var name="${person}">{'First Name': 'Stacy', 'Last Name': 'Shelby', 'Company Name': 'TechDev', 'Role in Company': 'HR Manager', 'Address': '19 Pineapple Boulevard', 'Email': 'sshelby@techdev.com', 'Phone Number': 40741785...</var>
<kw name="Fill and submit the form">
<arg>${person}</arg>
<kw name="Fill Text" library="RPA.Browser.Playwright">
<arg>//input[@ng-reflect-name="labelFirstName"]</arg>
<arg>${person}[First Name]</arg>
<tag>PageContent</tag>
<tag>Setter</tag>
<doc>Clears and fills the given ``txt`` into the text field found by ``selector``.</doc>
<msg timestamp="20231119 18:43:17.619" level="INFO">Fills the text 'Stacy' in the given field.</msg>
<status status="PASS" starttime="20231119 18:43:17.618" endtime="20231119 18:43:17.636"/>
</kw>
<kw name="Fill Text" library="RPA.Browser.Playwright">
<arg>//input[@ng-reflect-name="labelLastName"]</arg>
<arg>${person}[Last Name]</arg>
<tag>PageContent</tag>
<tag>Setter</tag>
<doc>Clears and fills the given ``txt`` into the text field found by ``selector``.</doc>
<msg timestamp="20231119 18:43:17.637" level="INFO">Fills the text 'Shelby' in the given field.</msg>
<status status="PASS" starttime="20231119 18:43:17.637" endtime="20231119 18:43:17.655"/>
</kw>
<kw name="Fill Text" library="RPA.Browser.Playwright">
<arg>//input[@ng-reflect-name="labelCompanyName"]</arg>
<arg>${person}[Company Name]</arg>
<tag>PageContent</tag>
<tag>Setter</tag>
<doc>Clears and fills the given ``txt`` into the text field found by ``selector``.</doc>
<msg timestamp="20231119 18:43:17.656" level="INFO">Fills the text 'TechDev' in the given field.</msg>
<status status="PASS" starttime="20231119 18:43:17.655" endtime="20231119 18:43:17.673"/>
</kw>
<kw name="Fill Text" library="RPA.Browser.Playwright">
<arg>//input[@ng-reflect-name="labelRole"]</arg>
<arg>${person}[Role in Company]</arg>
<tag>PageContent</tag>
<tag>Setter</tag>
<doc>Clears and fills the given ``txt`` into the text field found by ``selector``.</doc>
<msg timestamp="20231119 18:43:17.675" level="INFO">Fills the text 'HR Manager' in the given field.</msg>
<status status="PASS" starttime="20231119 18:43:17.674" endtime="20231119 18:43:17.693"/>
</kw>
<kw name="Fill Text" library="RPA.Browser.Playwright">
<arg>//input[@ng-reflect-name="labelAddress"]</arg>
<arg>${person}[Address]</arg>
<tag>PageContent</tag>
<tag>Setter</tag>
<doc>Clears and fills the given ``txt`` into the text field found by ``selector``.</doc>
<msg timestamp="20231119 18:43:17.694" level="INFO">Fills the text '19 Pineapple Boulevard' in the given field.</msg>
<status status="PASS" starttime="20231119 18:43:17.693" endtime="20231119 18:43:17.714"/>
</kw>
<kw name="Fill Text" library="RPA.Browser.Playwright">
<arg>//input[@ng-reflect-name="labelEmail"]</arg>
<arg>${person}[Email]</arg>
<tag>PageContent</tag>
<tag>Setter</tag>
<doc>Clears and fills the given ``txt`` into the text field found by ``selector``.</doc>
<msg timestamp="20231119 18:43:17.714" level="INFO">Fills the text 'sshelby@techdev.com' in the given field.</msg>
<status status="PASS" starttime="20231119 18:43:17.714" endtime="20231119 18:43:17.734"/>
</kw>
<kw name="Fill Text" library="RPA.Browser.Playwright">
<arg>//input[@ng-reflect-name="labelPhone"]</arg>
<arg>${person}[Phone Number]</arg>
<tag>PageContent</tag>
<tag>Setter</tag>
<doc>Clears and fills the given ``txt`` into the text field found by ``selector``.</doc>
<msg timestamp="20231119 18:43:17.736" level="INFO">Fills the text '40741785214' in the given field.</msg>
<status status="PASS" starttime="20231119 18:43:17.735" endtime="20231119 18:43:17.753"/>
</kw>
<kw name="Click" library="RPA.Browser.Playwright">
<arg>input[type=submit]</arg>
<tag>PageContent</tag>
<tag>Setter</tag>
<doc>Simulates mouse click on the element found by ``selector``.</doc>
<status status="PASS" starttime="20231119 18:43:17.754" endtime="20231119 18:43:17.790"/>
</kw>
<status status="PASS" starttime="20231119 18:43:17.618" endtime="20231119 18:43:17.791"/>
</kw>
<status status="PASS" starttime="20231119 18:43:17.618" endtime="20231119 18:43:17.791"/>
</iter>
<iter>
<var name="${person}">{'First Name': 'Lara', 'Last Name': 'Palmer', 'Company Name': 'Timepath Inc.', 'Role in Company': 'Programmer', 'Address': '87 Orange Street', 'Email': 'lpalmer@timepath.co.uk', 'Phone Number': 407316...</var>
<kw name="Fill and submit the form">
<arg>${person}</arg>
<kw name="Fill Text" library="RPA.Browser.Playwright">
<arg>//input[@ng-reflect-name="labelFirstName"]</arg>
<arg>${person}[First Name]</arg>
<tag>PageContent</tag>
<tag>Setter</tag>
<doc>Clears and fills the given ``txt`` into the text field found by ``selector``.</doc>
<msg timestamp="20231119 18:43:17.792" level="INFO">Fills the text 'Lara' in the given field.</msg>
<status status="PASS" starttime="20231119 18:43:17.792" endtime="20231119 18:43:17.812"/>
</kw>
<kw name="Fill Text" library="RPA.Browser.Playwright">
<arg>//input[@ng-reflect-name="labelLastName"]</arg>
<arg>${person}[Last Name]</arg>
<tag>PageContent</tag>
<tag>Setter</tag>
<doc>Clears and fills the given ``txt`` into the text field found by ``selector``.</doc>
<msg timestamp="20231119 18:43:17.814" level="INFO">Fills the text 'Palmer' in the given field.</msg>
<status status="PASS" starttime="20231119 18:43:17.812" endtime="20231119 18:43:17.836"/>
</kw>
<kw name="Fill Text" library="RPA.Browser.Playwright">
<arg>//input[@ng-reflect-name="labelCompanyName"]</arg>
<arg>${person}[Company Name]</arg>
<tag>PageContent</tag>
<tag>Setter</tag>
<doc>Clears and fills the given ``txt`` into the text field found by ``selector``.</doc>
<msg timestamp="20231119 18:43:17.837" level="INFO">Fills the text 'Timepath Inc.' in the given field.</msg>
<status status="PASS" starttime="20231119 18:43:17.836" endtime="20231119 18:43:17.855"/>
</kw>
<kw name="Fill Text" library="RPA.Browser.Playwright">
<arg>//input[@ng-reflect-name="labelRole"]</arg>
<arg>${person}[Role in Company]</arg>
<tag>PageContent</tag>
<tag>Setter</tag>
<doc>Clears and fills the given ``txt`` into the text field found by ``selector``.</doc>
<msg timestamp="20231119 18:43:17.857" level="INFO">Fills the text 'Programmer' in the given field.</msg>
<status status="PASS" starttime="20231119 18:43:17.856" endtime="20231119 18:43:17.873"/>
</kw>
<kw name="Fill Text" library="RPA.Browser.Playwright">
<arg>//input[@ng-reflect-name="labelAddress"]</arg>
<arg>${person}[Address]</arg>
<tag>PageContent</tag>
<tag>Setter</tag>
<doc>Clears and fills the given ``txt`` into the text field found by ``selector``.</doc>
<msg timestamp="20231119 18:43:17.874" level="INFO">Fills the text '87 Orange Street' in the given field.</msg>
<status status="PASS" starttime="20231119 18:43:17.874" endtime="20231119 18:43:17.890"/>
</kw>
<kw name="Fill Text" library="RPA.Browser.Playwright">
<arg>//input[@ng-reflect-name="labelEmail"]</arg>
<arg>${person}[Email]</arg>
<tag>PageContent</tag>
<tag>Setter</tag>
<doc>Clears and fills the given ``txt`` into the text field found by ``selector``.</doc>
<msg timestamp="20231119 18:43:17.891" level="INFO">Fills the text 'lpalmer@timepath.co.uk' in the given field.</msg>
<status status="PASS" starttime="20231119 18:43:17.891" endtime="20231119 18:43:17.909"/>
</kw>
<kw name="Fill Text" library="RPA.Browser.Playwright">
<arg>//input[@ng-reflect-name="labelPhone"]</arg>
<arg>${person}[Phone Number]</arg>
<tag>PageContent</tag>
<tag>Setter</tag>
<doc>Clears and fills the given ``txt`` into the text field found by ``selector``.</doc>
<msg timestamp="20231119 18:43:17.911" level="INFO">Fills the text '40731653845' in the given field.</msg>
<status status="PASS" starttime="20231119 18:43:17.910" endtime="20231119 18:43:17.939"/>
</kw>
<kw name="Click" library="RPA.Browser.Playwright">
<arg>input[type=submit]</arg>
<tag>PageContent</tag>
<tag>Setter</tag>
<doc>Simulates mouse click on the element found by ``selector``.</doc>
<status status="PASS" starttime="20231119 18:43:17.940" endtime="20231119 18:43:17.981"/>
</kw>
<status status="PASS" starttime="20231119 18:43:17.792" endtime="20231119 18:43:17.982"/>
</kw>
<status status="PASS" starttime="20231119 18:43:17.791" endtime="20231119 18:43:17.982"/>
</iter>
<status status="PASS" starttime="20231119 18:43:16.100" endtime="20231119 18:43:17.982"/>
</for>
<status status="PASS" starttime="20231119 18:43:15.905" endtime="20231119 18:43:17.983"/>
</kw>
<kw name="Collect the results">
<kw name="Take Screenshot" library="RPA.Browser.Playwright">
<arg>c:\\RPA\\RoboCorp\\intro-bot${/}receipt${/}screenshot-{index}</arg>
<tag>PageContent</tag>
<doc>Takes a screenshot of the current window or element and saves it to disk.</doc>
<msg timestamp="20231119 18:43:18.153" level="INFO" html="true">&lt;/td&gt;&lt;/tr&gt;&lt;tr&gt;&lt;td colspan="3"&gt;&lt;a href="file:///C:/RPA/RoboCorp/intro-bot/receipt/screenshot-2.png" target="_blank"&gt;&lt;img src="file:///C:/RPA/RoboCorp/intro-bot/receipt/screenshot-2.png" width="800px"/&gt;&lt;/a&gt;</msg>
<status status="PASS" starttime="20231119 18:43:17.985" endtime="20231119 18:43:18.154"/>
</kw>
<kw name="Close Browser" library="RPA.Browser.Playwright">
<tag>BrowserControl</tag>
<tag>Setter</tag>
<doc>Closes the current browser.</doc>
<msg timestamp="20231119 18:43:18.348" level="INFO">Closed browser</msg>
<status status="PASS" starttime="20231119 18:43:18.155" endtime="20231119 18:43:18.349"/>
</kw>
<status status="PASS" starttime="20231119 18:43:17.984" endtime="20231119 18:43:18.349"/>
</kw>
<kw name="Teardown" type="TEARDOWN">
<kw name="Close Browser" library="RPA.Browser.Playwright">
<tag>BrowserControl</tag>
<tag>Setter</tag>
<doc>Closes the current browser.</doc>
<msg timestamp="20231119 18:43:18.354" level="INFO">No browser open, doing nothing</msg>
<status status="PASS" starttime="20231119 18:43:18.351" endtime="20231119 18:43:18.355"/>
</kw>
<kw name="Remove File" library="RPA.FileSystem">
<arg>${TARGET_FILE}</arg>
<doc>Removes the given file.</doc>
<status status="PASS" starttime="20231119 18:43:18.356" endtime="20231119 18:43:18.357"/>
</kw>
<status status="PASS" starttime="20231119 18:43:18.350" endtime="20231119 18:43:18.358"/>
</kw>
<status status="PASS" starttime="20231119 18:43:12.330" endtime="20231119 18:43:18.359"/>
</test>
<doc>Robot to solve the first challenge at rpachallenge.com,
which consists of filling a form that randomly rearranges
itself for ten times, with data taken from a provided
Microsoft Excel file.</doc>
<status status="PASS" starttime="20231119 18:43:09.945" endtime="20231119 18:43:18.391"/>
</suite>
<statistics>
<total>
<stat pass="1" fail="0" skip="0">All Tasks</stat>
</total>
<tag>
</tag>
<suite>
<stat pass="1" fail="0" skip="0" id="s1" name="Tasks">Tasks</stat>
</suite>
</statistics>
<errors>
<msg timestamp="20231119 18:43:12.334" level="WARN">Open Browser is for quick experimentation and debugging only. Use New Page for production.</msg>
</errors>
</robot>
